2025-04-10 15:28:57.510821 - Received SBGOLOB.CBT509.FILE669 from FILE669.XMI 
2025-04-10 15:28:57.514971 - Found $$$#DATE.txt (text/plain) in SBGOLOB.CBT509.FILE669, moved to PDS/$$$#DATE
2025-04-10 15:28:57.515454 - Found @FILE669.txt (text/plain) in SBGOLOB.CBT509.FILE669, moved to PDS/@FILE669
2025-04-10 15:28:57.515622 - Found DFSPTEST.jcl (text/plain) in SBGOLOB.CBT509.FILE669, moved to PDS/DFSPTEST
2025-04-10 15:28:57.515893 - Found ISPDPX01.jcl (text/plain) in SBGOLOB.CBT509.FILE669, moved to PDS/ISPDPX01
2025-04-10 15:28:57.516274 - Found ISPPDA.txt (text/plain) in SBGOLOB.CBT509.FILE669, moved to PDS/ISPPDA
2025-04-10 15:28:57.516618 - Found ISPXMACS.txt (text/plain) in SBGOLOB.CBT509.FILE669, moved to PDS/ISPXMACS
2025-04-10 15:28:57.516848 - Found ISX1DOC.txt (text/plain) in SBGOLOB.CBT509.FILE669, moved to PDS/ISX1DOC
2025-04-10 15:28:57.517071 - Found ISX1HIST.txt (text/plain) in SBGOLOB.CBT509.FILE669, moved to PDS/ISX1HIST
2025-04-10 15:28:57.517182 - Found ISX1IVP$.jcl (text/plain) in SBGOLOB.CBT509.FILE669, moved to PDS/ISX1IVP$
2025-04-10 15:28:57.517294 - Found ISX1IVP1.rexx (text/plain) in SBGOLOB.CBT509.FILE669, moved to PDS/ISX1IVP1
2025-04-10 15:28:57.517392 - Found ISX1I006.rexx (text/plain) in SBGOLOB.CBT509.FILE669, moved to PDS/ISX1I006
2025-04-10 15:28:57.517496 - Found ISX1MACS.txt (text/plain) in SBGOLOB.CBT509.FILE669, moved to PDS/ISX1MACS
2025-04-10 15:28:57.517596 - Found ISX1PNL1.txt (text/plain) in SBGOLOB.CBT509.FILE669, moved to PDS/ISX1PNL1
2025-04-10 15:28:57.517706 - Found ISX1PNL2.txt (text/plain) in SBGOLOB.CBT509.FILE669, moved to PDS/ISX1PNL2
2025-04-10 15:28:57.517814 - Found ISX1PNL4.txt (text/plain) in SBGOLOB.CBT509.FILE669, moved to PDS/ISX1PNL4
2025-04-10 15:28:57.517921 - Found ISX1PNL5.txt (text/plain) in SBGOLOB.CBT509.FILE669, moved to PDS/ISX1PNL5
2025-04-10 15:28:57.518072 - Found ISX1RDME.txt (text/plain) in SBGOLOB.CBT509.FILE669, moved to PDS/ISX1RDME
2025-04-10 15:28:57.518326 - Found NTSCAN.rexx (text/plain) in SBGOLOB.CBT509.FILE669, moved to PDS/NTSCAN
2025-04-10 15:28:57.518684 - Found REXXGBLV.jcl (text/plain) in SBGOLOB.CBT509.FILE669, moved to PDS/REXXGBLV
2025-04-10 15:28:57.519006 - Found REXXMACS.txt (text/plain) in SBGOLOB.CBT509.FILE669, moved to PDS/REXXMACS
2025-04-10 15:28:57.519099 - Found REXXSTOR.jcl (text/plain) in SBGOLOB.CBT509.FILE669, moved to PDS/REXXSTOR
2025-04-10 15:28:57.519518 - Found REXXVARS.jcl (text/plain) in SBGOLOB.CBT509.FILE669, moved to PDS/REXXVARS
2025-04-10 15:28:57.519613 - Found RXGVCUST.txt (text/plain) in SBGOLOB.CBT509.FILE669, moved to PDS/RXGVCUST
2025-04-10 15:28:57.519724 - Found RXGVDOC.txt (text/plain) in SBGOLOB.CBT509.FILE669, moved to PDS/RXGVDOC
2025-04-10 15:28:57.519852 - Found RXGVHIST.txt (text/plain) in SBGOLOB.CBT509.FILE669, moved to PDS/RXGVHIST
2025-04-10 15:28:57.519911 - Found RXGVIVP$.jcl (text/plain) in SBGOLOB.CBT509.FILE669, moved to PDS/RXGVIVP$
2025-04-10 15:28:57.520321 - Found RXGVIVP1.rexx (text/plain) in SBGOLOB.CBT509.FILE669, moved to PDS/RXGVIVP1
2025-04-10 15:28:57.520392 - Found RXGVIVP2.rexx (text/plain) in SBGOLOB.CBT509.FILE669, moved to PDS/RXGVIVP2
2025-04-10 15:28:57.520455 - Found RXGVI078.rexx (text/plain) in SBGOLOB.CBT509.FILE669, moved to PDS/RXGVI078
2025-04-10 15:28:57.520619 - Found RXGVMACS.txt (text/plain) in SBGOLOB.CBT509.FILE669, moved to PDS/RXGVMACS
2025-04-10 15:28:57.520682 - Found RXGVPED.rexx (text/plain) in SBGOLOB.CBT509.FILE669, moved to PDS/RXGVPED
2025-04-10 15:28:57.520740 - Found RXGVPED#.txt (text/plain) in SBGOLOB.CBT509.FILE669, moved to PDS/RXGVPED#
2025-04-10 15:28:57.520800 - Found RXGVPRFT.jcl (text/plain) in SBGOLOB.CBT509.FILE669, moved to PDS/RXGVPRFT
2025-04-10 15:28:57.520880 - Found RXGVRDME.txt (text/plain) in SBGOLOB.CBT509.FILE669, moved to PDS/RXGVRDME
2025-04-10 15:28:57.520939 - Found RXGVSAMP.txt (text/plain) in SBGOLOB.CBT509.FILE669, moved to PDS/RXGVSAMP
2025-04-10 15:28:57.521000 - Found RXGVVIEW.rexx (text/plain) in SBGOLOB.CBT509.FILE669, moved to PDS/RXGVVIEW
2025-04-10 15:28:57.521063 - Found RXHL$COB.jcl (text/plain) in SBGOLOB.CBT509.FILE669, moved to PDS/RXHL$COB
2025-04-10 15:28:57.521125 - Found RXHL$CPL.jcl (text/plain) in SBGOLOB.CBT509.FILE669, moved to PDS/RXHL$CPL
2025-04-10 15:28:57.521283 - Found RXHL$MOD.txt (text/plain) in SBGOLOB.CBT509.FILE669, moved to PDS/RXHL$MOD
2025-04-10 15:28:57.521349 - Found RXHL$PLI.jcl (text/plain) in SBGOLOB.CBT509.FILE669, moved to PDS/RXHL$PLI
2025-04-10 15:28:57.521471 - Found RXHLDOC.txt (text/plain) in SBGOLOB.CBT509.FILE669, moved to PDS/RXHLDOC
2025-04-10 15:28:57.521575 - Found RXHLHIST.txt (text/plain) in SBGOLOB.CBT509.FILE669, moved to PDS/RXHLHIST
2025-04-10 15:28:57.521670 - Found RXHLLK.jcl (text/plain) in SBGOLOB.CBT509.FILE669, moved to PDS/RXHLLK
2025-04-10 15:28:57.521840 - Found RXHLMACS.txt (text/plain) in SBGOLOB.CBT509.FILE669, moved to PDS/RXHLMACS
2025-04-10 15:28:57.522042 - Found RXHLRXP2.txt (text/plain) in SBGOLOB.CBT509.FILE669, moved to PDS/RXHLRXP2
2025-04-10 15:28:57.522107 - Found RXHLRXT.rexx (text/plain) in SBGOLOB.CBT509.FILE669, moved to PDS/RXHLRXT
2025-04-10 15:28:57.522271 - Found RXOPCOMM.jcl (text/plain) in SBGOLOB.CBT509.FILE669, moved to PDS/RXOPCOMM
2025-04-10 15:28:57.522333 - Found RXOPDOC.txt (text/plain) in SBGOLOB.CBT509.FILE669, moved to PDS/RXOPDOC
2025-04-10 15:28:57.522392 - Found RXOPHIST.txt (text/plain) in SBGOLOB.CBT509.FILE669, moved to PDS/RXOPHIST
2025-04-10 15:28:57.522451 - Found RXOPIVP$.jcl (text/plain) in SBGOLOB.CBT509.FILE669, moved to PDS/RXOPIVP$
2025-04-10 15:28:57.522510 - Found RXOPIVP1.rexx (text/plain) in SBGOLOB.CBT509.FILE669, moved to PDS/RXOPIVP1
2025-04-10 15:28:57.522570 - Found RXOPI008.rexx (text/plain) in SBGOLOB.CBT509.FILE669, moved to PDS/RXOPI008
2025-04-10 15:28:57.522628 - Found RXOPRDME.txt (text/plain) in SBGOLOB.CBT509.FILE669, moved to PDS/RXOPRDME
2025-04-10 15:28:57.522720 - Found RXPATTRN.jcl (text/plain) in SBGOLOB.CBT509.FILE669, moved to PDS/RXPATTRN
2025-04-10 15:28:57.522779 - Found RXPATTRX.rexx (text/plain) in SBGOLOB.CBT509.FILE669, moved to PDS/RXPATTRX
2025-04-10 15:28:57.522841 - Found RXPI@INT.txt (text/plain) in SBGOLOB.CBT509.FILE669, moved to PDS/RXPI@INT
2025-04-10 15:28:57.523264 - Found RXPI@MAN.txt (text/plain) in SBGOLOB.CBT509.FILE669, moved to PDS/RXPI@MAN
2025-04-10 15:28:57.523323 - Found RXPI@USG.txt (text/plain) in SBGOLOB.CBT509.FILE669, moved to PDS/RXPI@USG
2025-04-10 15:28:57.523474 - Found RXPICATS.rexx (text/plain) in SBGOLOB.CBT509.FILE669, moved to PDS/RXPICATS
2025-04-10 15:28:57.523537 - Found RXPIDEM$.jcl (text/plain) in SBGOLOB.CBT509.FILE669, moved to PDS/RXPIDEM$
2025-04-10 15:28:57.523595 - Found RXPIDEMO.rexx (text/plain) in SBGOLOB.CBT509.FILE669, moved to PDS/RXPIDEMO
2025-04-10 15:28:57.523691 - Found RXPIDSOR.rexx (text/plain) in SBGOLOB.CBT509.FILE669, moved to PDS/RXPIDSOR
2025-04-10 15:28:57.523752 - Found RXPIHIST.txt (text/plain) in SBGOLOB.CBT509.FILE669, moved to PDS/RXPIHIST
2025-04-10 15:28:57.523956 - Found RXPIINIT.rexx (text/plain) in SBGOLOB.CBT509.FILE669, moved to PDS/RXPIINIT
2025-04-10 15:28:57.524058 - Found RXPIINS$.jcl (text/plain) in SBGOLOB.CBT509.FILE669, moved to PDS/RXPIINS$
2025-04-10 15:28:57.524214 - Found RXPIISPF.rexx (text/plain) in SBGOLOB.CBT509.FILE669, moved to PDS/RXPIISPF
2025-04-10 15:28:57.524279 - Found RXPIKPAR.txt (text/plain) in SBGOLOB.CBT509.FILE669, moved to PDS/RXPIKPAR
2025-04-10 15:28:57.524425 - Found RXPIMBRL.rexx (text/plain) in SBGOLOB.CBT509.FILE669, moved to PDS/RXPIMBRL
2025-04-10 15:28:57.524484 - Found RXPIPDSM.rexx (text/plain) in SBGOLOB.CBT509.FILE669, moved to PDS/RXPIPDSM
2025-04-10 15:28:57.524617 - Found RXPIPE.rexx (text/plain) in SBGOLOB.CBT509.FILE669, moved to PDS/RXPIPE
2025-04-10 15:28:57.524982 - Found RXPIPEAI.rexx (text/plain) in SBGOLOB.CBT509.FILE669, moved to PDS/RXPIPEAI
2025-04-10 15:28:57.525043 - Found RXPIPEX.rexx (text/plain) in SBGOLOB.CBT509.FILE669, moved to PDS/RXPIPEX
2025-04-10 15:28:57.525162 - Found RXPIQSOR.rexx (text/plain) in SBGOLOB.CBT509.FILE669, moved to PDS/RXPIQSOR
2025-04-10 15:28:57.525224 - Found RXPIRDME.txt (text/plain) in SBGOLOB.CBT509.FILE669, moved to PDS/RXPIRDME
2025-04-10 15:28:57.525291 - Found RXPISDSF.rexx (text/plain) in SBGOLOB.CBT509.FILE669, moved to PDS/RXPISDSF
2025-04-10 15:28:57.525353 - Found RXPIVSAM.rexx (text/plain) in SBGOLOB.CBT509.FILE669, moved to PDS/RXPIVSAM
2025-04-10 15:28:57.525418 - Found RXPNDOC.txt (text/plain) in SBGOLOB.CBT509.FILE669, moved to PDS/RXPNDOC
2025-04-10 15:28:57.525477 - Found RXPNHIST.txt (text/plain) in SBGOLOB.CBT509.FILE669, moved to PDS/RXPNHIST
2025-04-10 15:28:57.525536 - Found RXPNIVP$.jcl (text/plain) in SBGOLOB.CBT509.FILE669, moved to PDS/RXPNIVP$
2025-04-10 15:28:57.525597 - Found RXPNIVP1.rexx (text/plain) in SBGOLOB.CBT509.FILE669, moved to PDS/RXPNIVP1
2025-04-10 15:28:57.525656 - Found RXPNIVP2.rexx (text/plain) in SBGOLOB.CBT509.FILE669, moved to PDS/RXPNIVP2
2025-04-10 15:28:57.525714 - Found RXPNIV2$.jcl (text/plain) in SBGOLOB.CBT509.FILE669, moved to PDS/RXPNIV2$
2025-04-10 15:28:57.525773 - Found RXPNI009.rexx (text/plain) in SBGOLOB.CBT509.FILE669, moved to PDS/RXPNI009
2025-04-10 15:28:57.525878 - Found RXPNMACS.txt (text/plain) in SBGOLOB.CBT509.FILE669, moved to PDS/RXPNMACS
2025-04-10 15:28:57.526010 - Found RXPNPRFT.jcl (text/plain) in SBGOLOB.CBT509.FILE669, moved to PDS/RXPNPRFT
2025-04-10 15:28:57.526146 - Found RXPNRDME.txt (text/plain) in SBGOLOB.CBT509.FILE669, moved to PDS/RXPNRDME
2025-04-10 15:28:57.526206 - Found RXPNTEXT.txt (text/plain) in SBGOLOB.CBT509.FILE669, moved to PDS/RXPNTEXT
2025-04-10 15:28:57.526266 - Found RXRDDOC.txt (text/plain) in SBGOLOB.CBT509.FILE669, moved to PDS/RXRDDOC
2025-04-10 15:28:57.526387 - Found RXRDHIST.txt (text/plain) in SBGOLOB.CBT509.FILE669, moved to PDS/RXRDHIST
2025-04-10 15:28:57.526446 - Found RXRDIVP1.rexx (text/plain) in SBGOLOB.CBT509.FILE669, moved to PDS/RXRDIVP1
2025-04-10 15:28:57.526509 - Found RXRDPRML.jcl (text/plain) in SBGOLOB.CBT509.FILE669, moved to PDS/RXRDPRML
2025-04-10 15:28:57.526570 - Found RXREALDS.jcl (text/plain) in SBGOLOB.CBT509.FILE669, moved to PDS/RXREALDS
2025-04-10 15:28:57.526629 - Found RXRPDOC.txt (text/plain) in SBGOLOB.CBT509.FILE669, moved to PDS/RXRPDOC
2025-04-10 15:28:57.526689 - Found RXRPHIST.txt (text/plain) in SBGOLOB.CBT509.FILE669, moved to PDS/RXRPHIST
2025-04-10 15:28:57.526756 - Found RXRPIVP$.jcl (text/plain) in SBGOLOB.CBT509.FILE669, moved to PDS/RXRPIVP$
2025-04-10 15:28:57.526815 - Found RXRPIVP1.rexx (text/plain) in SBGOLOB.CBT509.FILE669, moved to PDS/RXRPIVP1
2025-04-10 15:28:57.526876 - Found RXRPRDME.txt (text/plain) in SBGOLOB.CBT509.FILE669, moved to PDS/RXRPRDME
2025-04-10 15:28:57.526971 - Found RXRVDOC.txt (text/plain) in SBGOLOB.CBT509.FILE669, moved to PDS/RXRVDOC
2025-04-10 15:28:57.527032 - Found RXRVHIST.txt (text/plain) in SBGOLOB.CBT509.FILE669, moved to PDS/RXRVHIST
2025-04-10 15:28:57.527093 - Found RXRVINUL.rexx (text/plain) in SBGOLOB.CBT509.FILE669, moved to PDS/RXRVINUL
2025-04-10 15:28:57.527152 - Found RXRVIV$$.jcl (text/plain) in SBGOLOB.CBT509.FILE669, moved to PDS/RXRVIV$$
2025-04-10 15:28:57.527213 - Found RXRVIVP$.jcl (text/plain) in SBGOLOB.CBT509.FILE669, moved to PDS/RXRVIVP$
2025-04-10 15:28:57.527277 - Found RXRVIVPT.rexx (text/plain) in SBGOLOB.CBT509.FILE669, moved to PDS/RXRVIVPT
2025-04-10 15:28:57.527372 - Found RXRVIVP1.rexx (text/plain) in SBGOLOB.CBT509.FILE669, moved to PDS/RXRVIVP1
2025-04-10 15:28:57.527574 - Found RXRVI012.rexx (text/plain) in SBGOLOB.CBT509.FILE669, moved to PDS/RXRVI012
2025-04-10 15:28:57.527634 - Found RXRVMACS.txt (text/plain) in SBGOLOB.CBT509.FILE669, moved to PDS/RXRVMACS
2025-04-10 15:28:57.527694 - Found RXRVRDME.txt (text/plain) in SBGOLOB.CBT509.FILE669, moved to PDS/RXRVRDME
2025-04-10 15:28:57.527758 - Found RXRVTBRO.rexx (text/plain) in SBGOLOB.CBT509.FILE669, moved to PDS/RXRVTBRO
2025-04-10 15:28:57.527821 - Found RXRVTEDI.rexx (text/plain) in SBGOLOB.CBT509.FILE669, moved to PDS/RXRVTEDI
2025-04-10 15:28:57.527881 - Found RXRVTEM1.rexx (text/plain) in SBGOLOB.CBT509.FILE669, moved to PDS/RXRVTEM1
2025-04-10 15:28:57.527940 - Found RXRVTEM2.rexx (text/plain) in SBGOLOB.CBT509.FILE669, moved to PDS/RXRVTEM2
2025-04-10 15:28:57.528020 - Found RXRVTEM3.rexx (text/plain) in SBGOLOB.CBT509.FILE669, moved to PDS/RXRVTEM3
2025-04-10 15:28:57.528254 - Found RXRVTVIE.rexx (text/plain) in SBGOLOB.CBT509.FILE669, moved to PDS/RXRVTVIE
2025-04-10 15:28:57.528379 - Found RXSTDOC.txt (text/plain) in SBGOLOB.CBT509.FILE669, moved to PDS/RXSTDOC
2025-04-10 15:28:57.528442 - Found RXSTHIST.txt (text/plain) in SBGOLOB.CBT509.FILE669, moved to PDS/RXSTHIST
2025-04-10 15:28:57.528506 - Found RXSTIVP.rexx (text/plain) in SBGOLOB.CBT509.FILE669, moved to PDS/RXSTIVP
2025-04-10 15:28:57.528565 - Found RXSTIVP$.jcl (text/plain) in SBGOLOB.CBT509.FILE669, moved to PDS/RXSTIVP$
2025-04-10 15:28:57.528624 - Found RXSTMACS.txt (text/plain) in SBGOLOB.CBT509.FILE669, moved to PDS/RXSTMACS
2025-04-10 15:28:57.528685 - Found RXSTRDME.txt (text/plain) in SBGOLOB.CBT509.FILE669, moved to PDS/RXSTRDME
2025-04-10 15:28:57.528747 - Found RXVBDOC.txt (text/plain) in SBGOLOB.CBT509.FILE669, moved to PDS/RXVBDOC
2025-04-10 15:28:57.528866 - Found RXVBHIST.txt (text/plain) in SBGOLOB.CBT509.FILE669, moved to PDS/RXVBHIST
2025-04-10 15:28:57.528925 - Found RXVBIVP$.jcl (text/plain) in SBGOLOB.CBT509.FILE669, moved to PDS/RXVBIVP$
2025-04-10 15:28:57.529014 - Found RXVBIVP1.rexx (text/plain) in SBGOLOB.CBT509.FILE669, moved to PDS/RXVBIVP1
2025-04-10 15:28:57.529170 - Found RXVBI031.rexx (text/plain) in SBGOLOB.CBT509.FILE669, moved to PDS/RXVBI031
2025-04-10 15:28:57.529227 - Found RXVBMACS.txt (text/plain) in SBGOLOB.CBT509.FILE669, moved to PDS/RXVBMACS
2025-04-10 15:28:57.529284 - Found RXVBRDME.txt (text/plain) in SBGOLOB.CBT509.FILE669, moved to PDS/RXVBRDME
2025-04-10 15:28:57.529654 - Found RXVSAMBA.jcl (text/plain) in SBGOLOB.CBT509.FILE669, moved to PDS/RXVSAMBA
2025-04-10 15:28:57.529763 - Found RXWAIT.jcl (text/plain) in SBGOLOB.CBT509.FILE669, moved to PDS/RXWAIT
2025-04-10 15:28:57.529865 - Found RXWTDOC.txt (text/plain) in SBGOLOB.CBT509.FILE669, moved to PDS/RXWTDOC
2025-04-10 15:28:57.530070 - Found RXWTHIST.txt (text/plain) in SBGOLOB.CBT509.FILE669, moved to PDS/RXWTHIST
2025-04-10 15:28:57.530155 - Found RXWTIVP1.rexx (text/plain) in SBGOLOB.CBT509.FILE669, moved to PDS/RXWTIVP1
2025-04-10 15:28:57.530214 - Found RXWTMACS.txt (text/plain) in SBGOLOB.CBT509.FILE669, moved to PDS/RXWTMACS
2025-04-10 15:28:57.530273 - Found RXWTRDME.txt (text/plain) in SBGOLOB.CBT509.FILE669, moved to PDS/RXWTRDME
2025-04-10 15:28:57.530734 - Found SYSMACS.txt (text/plain) in SBGOLOB.CBT509.FILE669, moved to PDS/SYSMACS
2025-04-10 15:28:57.531150 - Found VCBMACS.txt (text/plain) in SBGOLOB.CBT509.FILE669, moved to PDS/VCBMACS
2025-04-10 15:28:57.531257 - Found WSAMMACS.txt (text/plain) in SBGOLOB.CBT509.FILE669, moved to PDS/WSAMMACS
2025-04-10 15:28:57.531417 - Found Z669MAC1.txt (text/plain) in SBGOLOB.CBT509.FILE669, moved to PDS/Z669MAC1
2025-04-10 15:28:57.531477 - Found Z669UPDT.rexx (text/plain) in SBGOLOB.CBT509.FILE669, moved to PDS/Z669UPDT
